[AFLOW] ************************************************************************************************************************** 
[AFLOW_POCC]STRUCTURES_GROUP 1/2
[AFLOW] ************************************************************************************************************************** 
[AFLOW] ************************************************************************************************************************** 
[AFLOW_POCC]STRUCTURE 1/2
[AFLOW] ************************************************************************************************************************** 
[AFLOW_POCC]UFF_ENERGY=18.734586660219001
[AFLOW] ************************************************************************************************************************** 
[VASP_POSCAR_MODE_EXPLICIT]START.POCC_1_1_H0C0
AsGa_hIn_d/AB_cF8_216_c_a.AB:POCC_P0-0.5xB-0.5xC_P1-1xA params=-1 SG=216 [ANRL doi: 10.1016/j.commatsci.2017.01.017 (part 1), doi: 10.1016/j.commatsci.2018.10.043 (part 2)] H0C0 HNF(n=2,1/2)=[1 0 0; 0 1 0; 0 0 2] site_config(1/2)=[0 0; 1 2] DG=1 [POCC doi: 10.1021/acs.chemmater.6b01449]
1.000000
   0.00000000000000   2.76506988390308   2.76506988390308
   2.76506988390308   0.00000000000000   2.76506988390308
   5.53013976780617   5.53013976780617   0.00000000000000
2 1 1 
Direct(4) [A2B1C1] 
   0.00000000000000   0.00000000000000   0.00000000000000  As    
   0.00000000000000   0.00000000000000   0.50000000000000  As    
   0.25000000000000   0.25000000000000   0.12500000000000  Ga_h  
   0.25000000000000   0.25000000000000   0.62500000000000  In_d  
[VASP_POSCAR_MODE_EXPLICIT]STOP.POCC_1_1_H0C0
[AFLOW] ************************************************************************************************************************** 
[AFLOW] ************************************************************************************************************************** 
[AFLOW_POCC]STRUCTURE 2/2
[AFLOW] ************************************************************************************************************************** 
[AFLOW_POCC]UFF_ENERGY=18.734586660219001
[AFLOW] ************************************************************************************************************************** 
[VASP_POSCAR_MODE_EXPLICIT]START.POCC_1_2_H0C1
AsGa_hIn_d/AB_cF8_216_c_a.AB:POCC_P0-0.5xB-0.5xC_P1-1xA params=-1 SG=216 [ANRL doi: 10.1016/j.commatsci.2017.01.017 (part 1), doi: 10.1016/j.commatsci.2018.10.043 (part 2)] H0C1 HNF(n=2,1/2)=[1 0 0; 0 1 0; 0 0 2] site_config(2/2)=[0 0; 2 1] DG=1 [POCC doi: 10.1021/acs.chemmater.6b01449]
1.000000
   0.00000000000000   2.76506988390308   2.76506988390308
   2.76506988390308   0.00000000000000   2.76506988390308
   5.53013976780617   5.53013976780617   0.00000000000000
2 1 1 
Direct(4) [A2B1C1] 
   0.00000000000000   0.00000000000000   0.00000000000000  As    
   0.00000000000000   0.00000000000000   0.50000000000000  As    
   0.25000000000000   0.25000000000000   0.62500000000000  Ga_h  
   0.25000000000000   0.25000000000000   0.12500000000000  In_d  
[VASP_POSCAR_MODE_EXPLICIT]STOP.POCC_1_2_H0C1
[AFLOW] ************************************************************************************************************************** 
[AFLOW] ************************************************************************************************************************** 
[AFLOW_POCC]STRUCTURES_GROUP 2/2
[AFLOW] ************************************************************************************************************************** 
[AFLOW] ************************************************************************************************************************** 
[AFLOW_POCC]STRUCTURE 1/2
[AFLOW] ************************************************************************************************************************** 
[AFLOW_POCC]UFF_ENERGY=18.734593597728001
[AFLOW] ************************************************************************************************************************** 
[VASP_POSCAR_MODE_EXPLICIT]START.POCC_2_1_H1C0
AsGa_hIn_d/AB_cF8_216_c_a.AB:POCC_P0-0.5xB-0.5xC_P1-1xA params=-1 SG=216 [ANRL doi: 10.1016/j.commatsci.2017.01.017 (part 1), doi: 10.1016/j.commatsci.2018.10.043 (part 2)] H1C0 HNF(n=2,2/2)=[1 0 0; 0 1 1; 0 0 2] site_config(1/2)=[0 0; 1 2] DG=1 [POCC doi: 10.1021/acs.chemmater.6b01449]
1.000000
   0.00000000000000   2.76506988390308   2.76506988390308
   5.53013976780617   2.76506988390308   2.76506988390308
   5.53013976780617   5.53013976780617   0.00000000000000
2 1 1 
Direct(4) [A2B1C1] 
   0.00000000000000   0.00000000000000   0.00000000000000  As    
   0.00000000000000   0.00000000000000   0.50000000000000  As    
   0.25000000000000   0.25000000000000   0.00000000000000  Ga_h  
   0.25000000000000   0.25000000000000   0.50000000000000  In_d  
[VASP_POSCAR_MODE_EXPLICIT]STOP.POCC_2_1_H1C0
[AFLOW] ************************************************************************************************************************** 
[AFLOW] ************************************************************************************************************************** 
[AFLOW_POCC]STRUCTURE 2/2
[AFLOW] ************************************************************************************************************************** 
[AFLOW_POCC]UFF_ENERGY=18.734593597728001
[AFLOW] ************************************************************************************************************************** 
[VASP_POSCAR_MODE_EXPLICIT]START.POCC_2_2_H1C1
AsGa_hIn_d/AB_cF8_216_c_a.AB:POCC_P0-0.5xB-0.5xC_P1-1xA params=-1 SG=216 [ANRL doi: 10.1016/j.commatsci.2017.01.017 (part 1), doi: 10.1016/j.commatsci.2018.10.043 (part 2)] H1C1 HNF(n=2,2/2)=[1 0 0; 0 1 1; 0 0 2] site_config(2/2)=[0 0; 2 1] DG=1 [POCC doi: 10.1021/acs.chemmater.6b01449]
1.000000
   0.00000000000000   2.76506988390308   2.76506988390308
   5.53013976780617   2.76506988390308   2.76506988390308
   5.53013976780617   5.53013976780617   0.00000000000000
2 1 1 
Direct(4) [A2B1C1] 
   0.00000000000000   0.00000000000000   0.00000000000000  As    
   0.00000000000000   0.00000000000000   0.50000000000000  As    
   0.25000000000000   0.25000000000000   0.50000000000000  Ga_h  
   0.25000000000000   0.25000000000000   0.00000000000000  In_d  
[VASP_POSCAR_MODE_EXPLICIT]STOP.POCC_2_2_H1C1
[AFLOW] ************************************************************************************************************************** 
